Build started 11/13/2020 9:59:24 PM.
     1>Project "C:\Users\biren\documents\visual studio 2013\Projects\DataStructure_cpp\DataStructure_cpp\DataStructure_cpp.vcxproj" on node 2 (Build target(s)).
     1>ClCompile:
         C:\Program Files (x86)\Microsoft Visual Studio 12.0\VC\bin\CL.exe /c /ZI /nologo /W3 /WX- /sdl /Od /Oy- /D WIN32 /D _DEBUG /D _CONSOLE /D _LIB /D _UNICODE /D UNICODE /Gm /EHsc /RTC1 /MDd /GS /fp:precise /Zc:wchar_t /Zc:forScope /Yu"stdafx.h" /Fp"Debug\DataStructure_cpp.pch" /Fo"Debug\\" /Fd"Debug\vc120.pdb" /Gd /TP /analyze- /errorReport:prompt DataStructure_cpp.cpp
         DataStructure_cpp.cpp
     1>c:\users\biren\documents\visual studio 2013\projects\datastructure_cpp\datastructure_cpp\datastructure_cpp.cpp(30): warning C4018: '<' : signed/unsigned mismatch
     1>c:\users\biren\documents\visual studio 2013\projects\datastructure_cpp\datastructure_cpp\datastructure_cpp.cpp(34): warning C4018: '<' : signed/unsigned mismatch
     1>c:\users\biren\documents\visual studio 2013\projects\datastructure_cpp\datastructure_cpp\datastructure_cpp.cpp(291): warning C4018: '<' : signed/unsigned mismatch
     1>c:\users\biren\documents\visual studio 2013\projects\datastructure_cpp\datastructure_cpp\datastructure_cpp.cpp(601): warning C4305: 'argument' : truncation from 'int' to 'char'
     1>c:\users\biren\documents\visual studio 2013\projects\datastructure_cpp\datastructure_cpp\datastructure_cpp.cpp(601): warning C4309: 'argument' : truncation of constant value
     1>c:\users\biren\documents\visual studio 2013\projects\datastructure_cpp\datastructure_cpp\datastructure_cpp.cpp(602): warning C4305: 'argument' : truncation from 'int' to 'char'
     1>c:\users\biren\documents\visual studio 2013\projects\datastructure_cpp\datastructure_cpp\datastructure_cpp.cpp(602): warning C4309: 'argument' : truncation of constant value
     1>c:\users\biren\documents\visual studio 2013\projects\datastructure_cpp\datastructure_cpp\datastructure_cpp.cpp(610): warning C4018: '<' : signed/unsigned mismatch
     1>c:\users\biren\documents\visual studio 2013\projects\datastructure_cpp\datastructure_cpp\datastructure_cpp.cpp(778): warning C4018: '<' : signed/unsigned mismatch
     1>c:\users\biren\documents\visual studio 2013\projects\datastructure_cpp\datastructure_cpp\datastructure_cpp.cpp(411): warning C4715: 'find_number_less_than_N' : not all control paths return a value
       Link:
         C:\Program Files (x86)\Microsoft Visual Studio 12.0\VC\bin\link.exe /ERRORREPORT:PROMPT /OUT:"C:\Users\biren\documents\visual studio 2013\Projects\DataStructure_cpp\Debug\DataStructure_cpp.exe" /INCREMENTAL /NOLOGO kernel32.lib user32.lib gdi32.lib winspool.lib comdlg32.lib advapi32.lib shell32.lib ole32.lib oleaut32.lib uuid.lib odbc32.lib odbccp32.lib /MANIFEST /MANIFESTUAC:"level='asInvoker' uiAccess='false'" /manifest:embed /DEBUG /PDB:"C:\Users\biren\documents\visual studio 2013\Projects\DataStructure_cpp\Debug\DataStructure_cpp.pdb" /SUBSYSTEM:CONSOLE /TLBID:1 /DYNAMICBASE /NXCOMPAT /IMPLIB:"C:\Users\biren\documents\visual studio 2013\Projects\DataStructure_cpp\Debug\DataStructure_cpp.lib" /MACHINE:X86 Debug\DataStructure_cpp.obj
         Debug\stdafx.obj
         DataStructure_cpp.vcxproj -> C:\Users\biren\documents\visual studio 2013\Projects\DataStructure_cpp\Debug\DataStructure_cpp.exe
     1>Done Building Project "C:\Users\biren\documents\visual studio 2013\Projects\DataStructure_cpp\DataStructure_cpp\DataStructure_cpp.vcxproj" (Build target(s)).

Build succeeded.

Time Elapsed 00:00:01.57
